 1 (  14): ********************************************
 2 (  15): ***********************************************
 3 (  11): **********************************
 4 (  17): *****************************************************
 5 (  16): **************************************************
 6 (  19): ************************************************************
 7 (  10): *******************************
 8 (  13): *****************************************
 9 (   9): ****************************
10 (  13): *****************************************
11 (   8): *************************
12 (  14): ********************************************
13 (  13): *****************************************
14 (  14): ********************************************
15 (  14): ********************************************
16 (  10): *******************************
17 (  12): *************************************
18 (  15): ***********************************************
19 (  11): **********************************
20 (  16): **************************************************
21 (  14): ********************************************
22 (   8): *************************
23 (  15): ***********************************************
24 (  16): **************************************************
25 (  10): *******************************
26 (  15): ***********************************************
27 (  10): *******************************
28 (  11): **********************************
29 (  11): **********************************
30 (  11): **********************************
115 items out of range
